

Microchip Technology PIC LITE Macro Assembler V1.43 build -156212558 
                                                                                               Wed Aug 30 22:36:50 2017

Microchip Technology Omniscient Code Generator v1.43 (Free mode) build 201707250354
     1                           	processor	16F887
     2                           	opt	pw 120
     3                           	opt	lm
     4                           	psect	cinit,global,class=CODE,merge=1,delta=2
     5                           	psect	bssCOMMON,global,class=COMMON,space=1,delta=1
     6                           	psect	cstackCOMMON,global,class=COMMON,space=1,delta=1
     7                           	psect	maintext,global,class=CODE,split=1,delta=2
     8                           	dabs	1,0x7E,2
     9  0000                     
    10                           ; Version 1.43
    11                           ; Generated 25/07/2017 GMT
    12                           ; 
    13                           ; Copyright © 2017, Microchip Technology Inc. and its subsidiaries ("Microchip")
    14                           ; All rights reserved.
    15                           ; 
    16                           ; This software is developed by Microchip Technology Inc. and its subsidiaries ("Microch
      +                          ip").
    17                           ; 
    18                           ; Redistribution and use in source and binary forms, with or without modification, are
    19                           ; permitted provided that the following conditions are met:
    20                           ; 
    21                           ;     1. Redistributions of source code must retain the above copyright notice, this lis
      +                          t of
    22                           ;        conditions and the following disclaimer.
    23                           ; 
    24                           ;     2. Redistributions in binary form must reproduce the above copyright notice, this 
      +                          list
    25                           ;        of conditions and the following disclaimer in the documentation and/or other
    26                           ;        materials provided with the distribution.
    27                           ; 
    28                           ;     3. Microchip's name may not be used to endorse or promote products derived from th
      +                          is
    29                           ;        software without specific prior written permission.
    30                           ; 
    31                           ; THIS SOFTWARE IS PROVIDED BY MICROCHIP "AS IS" AND ANY EXPRESS OR IMPLIED WARRANTIES,
    32                           ; INCLUDING, BUT NOT LIMITED TO, THE IMPLIED WARRANTIES OF MERCHANTABILITY AND FITNESS F
      +                          OR
    33                           ; PURPOSE ARE DISCLAIMED.  IN NO EVENT SHALL MICROCHIP BE LIABLE FOR ANY DIRECT, INDIREC
      +                          T,
    34                           ; INCIDENTAL, SPECIAL, EXEMPLARY, OR CONSEQUENTIAL DAMAGES (INCLUDING BUT NOT LIMITED TO
    35                           ; PROCUREMENT OF SUBSTITUTE GOODS OR SERVICES; LOSS OF USE, DATA OR PROFITS; OR BUSINESS
    36                           ; INTERRUPTION) HOWSOEVER CAUSED AND ON ANY THEORY OF LIABILITY, WHETHER IN CONTRACT, ST
      +                          RICT
    37                           ; LIABILITY, OR TORT (INCLUDING NEGLIGENCE OR OTHERWISE) ARISING IN ANY WAY OUT OF THE U
      +                          SE OF
    38                           ; THIS SOFTWARE, EVEN IF ADVISED OF THE POSSIBILITY OF SUCH DAMAGE.
    39                           ; 
    40                           ; 
    41                           ; Code-generator required, PIC16F887 Definitions
    42                           ; 
    43                           ; SFR Addresses
    44  0000                     	;# 
    45  0001                     	;# 
    46  0002                     	;# 
    47  0003                     	;# 
    48  0004                     	;# 
    49  0005                     	;# 
    50  0006                     	;# 
    51  0007                     	;# 
    52  0008                     	;# 
    53  0009                     	;# 
    54  000A                     	;# 
    55  000B                     	;# 
    56  000C                     	;# 
    57  000D                     	;# 
    58  000E                     	;# 
    59  000E                     	;# 
    60  000F                     	;# 
    61  0010                     	;# 
    62  0011                     	;# 
    63  0012                     	;# 
    64  0013                     	;# 
    65  0014                     	;# 
    66  0015                     	;# 
    67  0015                     	;# 
    68  0016                     	;# 
    69  0017                     	;# 
    70  0018                     	;# 
    71  0019                     	;# 
    72  001A                     	;# 
    73  001B                     	;# 
    74  001B                     	;# 
    75  001C                     	;# 
    76  001D                     	;# 
    77  001E                     	;# 
    78  001F                     	;# 
    79  0081                     	;# 
    80  0085                     	;# 
    81  0086                     	;# 
    82  0087                     	;# 
    83  0088                     	;# 
    84  0089                     	;# 
    85  008C                     	;# 
    86  008D                     	;# 
    87  008E                     	;# 
    88  008F                     	;# 
    89  0090                     	;# 
    90  0091                     	;# 
    91  0092                     	;# 
    92  0093                     	;# 
    93  0093                     	;# 
    94  0093                     	;# 
    95  0094                     	;# 
    96  0095                     	;# 
    97  0096                     	;# 
    98  0097                     	;# 
    99  0098                     	;# 
   100  0099                     	;# 
   101  009A                     	;# 
   102  009B                     	;# 
   103  009C                     	;# 
   104  009D                     	;# 
   105  009E                     	;# 
   106  009F                     	;# 
   107  0105                     	;# 
   108  0107                     	;# 
   109  0108                     	;# 
   110  0109                     	;# 
   111  010C                     	;# 
   112  010C                     	;# 
   113  010D                     	;# 
   114  010E                     	;# 
   115  010F                     	;# 
   116  0185                     	;# 
   117  0187                     	;# 
   118  0188                     	;# 
   119  0189                     	;# 
   120  018C                     	;# 
   121  018D                     	;# 
   122  0007                     _PORTCbits	set	7
   123  0007                     _PORTC	set	7
   124  0006                     _PORTB	set	6
   125  0087                     _TRISC	set	135
   126  0086                     _TRISB	set	134
   127                           
   128                           ; #config settings
   129  0000                     
   130                           	psect	cinit
   131  07F4                     start_initialization:	
   132  07F4                     __initialization:	
   133                           
   134                           ; Clear objects allocated to COMMON
   135  07F4  01F0               	clrf	__pbssCOMMON& (0+127)
   136  07F5  01F1               	clrf	(__pbssCOMMON+1)& (0+127)
   137  07F6  01F2               	clrf	(__pbssCOMMON+2)& (0+127)
   138  07F7  01F3               	clrf	(__pbssCOMMON+3)& (0+127)
   139  07F8  01F4               	clrf	(__pbssCOMMON+4)& (0+127)
   140  07F9  01F5               	clrf	(__pbssCOMMON+5)& (0+127)
   141  07FA  01F6               	clrf	(__pbssCOMMON+6)& (0+127)
   142  07FB  01F7               	clrf	(__pbssCOMMON+7)& (0+127)
   143  07FC                     end_of_initialization:	
   144                           ;End of C runtime variable initialization code
   145                           
   146  07FC                     __end_of__initialization:	
   147  07FC  0183               	clrf	3
   148  07FD  120A  118A  2E79   	ljmp	_main	;jump to C main() function
   149                           
   150                           	psect	bssCOMMON
   151  0070                     __pbssCOMMON:	
   152  0070                     _estadoAnteroriDecremento:	
   153  0070                     	ds	2
   154  0072                     _estadoAnteriorIncremento:	
   155  0072                     	ds	2
   156  0074                     _desciende:	
   157  0074                     	ds	2
   158  0076                     _asciende:	
   159  0076                     	ds	2
   160                           
   161                           	psect	cstackCOMMON
   162  0078                     __pcstackCOMMON:	
   163  0078                     ?_main:	
   164  0078                     ??_main:	
   165                           ; 1 bytes @ 0x0
   166                           
   167                           
   168                           ; 1 bytes @ 0x0
   169  0078                     	ds	3
   170                           
   171                           	psect	maintext
   172  0679                     __pmaintext:	
   173 ;;
   174 ;;Main: autosize = 0, tempsize = 3, incstack = 0, save=0
   175 ;;
   176 ;; *************** function _main *****************
   177 ;; Defined at:
   178 ;;		line 16 in file "AscendenteDescendente.c"
   179 ;; Parameters:    Size  Location     Type
   180 ;;		None
   181 ;; Auto vars:     Size  Location     Type
   182 ;;		None
   183 ;; Return value:  Size  Location     Type
   184 ;;                  1    wreg      void 
   185 ;; Registers used:
   186 ;;		wreg, status,2, status,0
   187 ;; Tracked objects:
   188 ;;		On entry : B00/0
   189 ;;		On exit  : 0/0
   190 ;;		Unchanged: 0/0
   191 ;; Data sizes:     COMMON   BANK0   BANK1   BANK3   BANK2
   192 ;;      Params:         0       0       0       0       0
   193 ;;      Locals:         0       0       0       0       0
   194 ;;      Temps:          3       0       0       0       0
   195 ;;      Totals:         3       0       0       0       0
   196 ;;Total ram usage:        3 bytes
   197 ;; This function calls:
   198 ;;		Nothing
   199 ;; This function is called by:
   200 ;;		Startup code after reset
   201 ;; This function uses a non-reentrant model
   202 ;;
   203                           
   204                           
   205                           ;psect for function _main
   206  0679                     _main:	
   207                           
   208                           ;AscendenteDescendente.c: 18: TRISB = 0;
   209                           
   210                           ;incstack = 0
   211                           ; Regs used in _main: [wreg+status,2+status,0]
   212  0679  1683               	bsf	3,5	;RP0=1, select bank1
   213  067A  1303               	bcf	3,6	;RP1=0, select bank1
   214  067B  0186               	clrf	6	;volatile
   215                           
   216                           ;AscendenteDescendente.c: 19: PORTB = 0;
   217  067C  1283               	bcf	3,5	;RP0=0, select bank0
   218  067D  1303               	bcf	3,6	;RP1=0, select bank0
   219  067E  0186               	clrf	6	;volatile
   220                           
   221                           ;AscendenteDescendente.c: 20: TRISC = 1;
   222  067F  3001               	movlw	1
   223  0680  1683               	bsf	3,5	;RP0=1, select bank1
   224  0681  1303               	bcf	3,6	;RP1=0, select bank1
   225  0682  0087               	movwf	7	;volatile
   226                           
   227                           ;AscendenteDescendente.c: 21: PORTC = 0;
   228  0683  1283               	bcf	3,5	;RP0=0, select bank0
   229  0684  1303               	bcf	3,6	;RP1=0, select bank0
   230  0685  0187               	clrf	7	;volatile
   231  0686                     l502:	
   232                           ;AscendenteDescendente.c: 22: while (1) {
   233                           
   234                           
   235                           ;AscendenteDescendente.c: 24: if (PORTCbits.RC2 == 1){
   236  0686  1283               	bcf	3,5	;RP0=0, select bank0
   237  0687  1303               	bcf	3,6	;RP1=0, select bank0
   238  0688  1D07               	btfss	7,2	;volatile
   239  0689  2F3D               	goto	l26
   240                           
   241                           ;AscendenteDescendente.c: 25: asciende = 1;
   242  068A  3001               	movlw	1
   243  068B  00F6               	movwf	_asciende
   244  068C  3000               	movlw	0
   245  068D  00F7               	movwf	_asciende+1
   246  068E                     l508:	
   247                           ;AscendenteDescendente.c: 26: while (asciende == 1) {
   248                           
   249  068E  0376               	decf	_asciende,w
   250  068F  0477               	iorwf	_asciende+1,w
   251  0690  1D03               	btfss	3,2
   252  0691  2F3D               	goto	l26
   253                           
   254                           ;AscendenteDescendente.c: 27: PORTB = 0x3F;
   255  0692  303F               	movlw	63
   256  0693  1283               	bcf	3,5	;RP0=0, select bank0
   257  0694  1303               	bcf	3,6	;RP1=0, select bank0
   258  0695  0086               	movwf	6	;volatile
   259                           
   260                           ;AscendenteDescendente.c: 28: _delay((unsigned long)((1000)*(4000000/4000.0)));
   261  0696  3006               	movlw	6
   262  0697  00FA               	movwf	??_main+2
   263  0698  3013               	movlw	19
   264  0699  00F9               	movwf	??_main+1
   265  069A  30AD               	movlw	173
   266  069B  00F8               	movwf	??_main
   267  069C                     u57:	
   268  069C  0BF8               	decfsz	??_main,f
   269  069D  2E9C               	goto	u57
   270  069E  0BF9               	decfsz	??_main+1,f
   271  069F  2E9C               	goto	u57
   272  06A0  0BFA               	decfsz	??_main+2,f
   273  06A1  2E9C               	goto	u57
   274  06A2  2EA3               	nop2
   275                           
   276                           ;AscendenteDescendente.c: 29: PORTB = 0x06;
   277  06A3  3006               	movlw	6
   278  06A4  1283               	bcf	3,5	;RP0=0, select bank0
   279  06A5  1303               	bcf	3,6	;RP1=0, select bank0
   280  06A6  0086               	movwf	6	;volatile
   281                           
   282                           ;AscendenteDescendente.c: 30: _delay((unsigned long)((1000)*(4000000/4000.0)));
   283  06A7  3006               	movlw	6
   284  06A8  00FA               	movwf	??_main+2
   285  06A9  3013               	movlw	19
   286  06AA  00F9               	movwf	??_main+1
   287  06AB  30AD               	movlw	173
   288  06AC  00F8               	movwf	??_main
   289  06AD                     u67:	
   290  06AD  0BF8               	decfsz	??_main,f
   291  06AE  2EAD               	goto	u67
   292  06AF  0BF9               	decfsz	??_main+1,f
   293  06B0  2EAD               	goto	u67
   294  06B1  0BFA               	decfsz	??_main+2,f
   295  06B2  2EAD               	goto	u67
   296  06B3  2EB4               	nop2
   297                           
   298                           ;AscendenteDescendente.c: 31: PORTB = 0x5B;
   299  06B4  305B               	movlw	91
   300  06B5  1283               	bcf	3,5	;RP0=0, select bank0
   301  06B6  1303               	bcf	3,6	;RP1=0, select bank0
   302  06B7  0086               	movwf	6	;volatile
   303                           
   304                           ;AscendenteDescendente.c: 32: _delay((unsigned long)((1000)*(4000000/4000.0)));
   305  06B8  3006               	movlw	6
   306  06B9  00FA               	movwf	??_main+2
   307  06BA  3013               	movlw	19
   308  06BB  00F9               	movwf	??_main+1
   309  06BC  30AD               	movlw	173
   310  06BD  00F8               	movwf	??_main
   311  06BE                     u77:	
   312  06BE  0BF8               	decfsz	??_main,f
   313  06BF  2EBE               	goto	u77
   314  06C0  0BF9               	decfsz	??_main+1,f
   315  06C1  2EBE               	goto	u77
   316  06C2  0BFA               	decfsz	??_main+2,f
   317  06C3  2EBE               	goto	u77
   318  06C4  2EC5               	nop2
   319                           
   320                           ;AscendenteDescendente.c: 33: PORTB = 0x4F;
   321  06C5  304F               	movlw	79
   322  06C6  1283               	bcf	3,5	;RP0=0, select bank0
   323  06C7  1303               	bcf	3,6	;RP1=0, select bank0
   324  06C8  0086               	movwf	6	;volatile
   325                           
   326                           ;AscendenteDescendente.c: 34: _delay((unsigned long)((1000)*(4000000/4000.0)));
   327  06C9  3006               	movlw	6
   328  06CA  00FA               	movwf	??_main+2
   329  06CB  3013               	movlw	19
   330  06CC  00F9               	movwf	??_main+1
   331  06CD  30AD               	movlw	173
   332  06CE  00F8               	movwf	??_main
   333  06CF                     u87:	
   334  06CF  0BF8               	decfsz	??_main,f
   335  06D0  2ECF               	goto	u87
   336  06D1  0BF9               	decfsz	??_main+1,f
   337  06D2  2ECF               	goto	u87
   338  06D3  0BFA               	decfsz	??_main+2,f
   339  06D4  2ECF               	goto	u87
   340  06D5  2ED6               	nop2
   341                           
   342                           ;AscendenteDescendente.c: 35: PORTB = 0x66;
   343  06D6  3066               	movlw	102
   344  06D7  1283               	bcf	3,5	;RP0=0, select bank0
   345  06D8  1303               	bcf	3,6	;RP1=0, select bank0
   346  06D9  0086               	movwf	6	;volatile
   347                           
   348                           ;AscendenteDescendente.c: 36: _delay((unsigned long)((1000)*(4000000/4000.0)));
   349  06DA  3006               	movlw	6
   350  06DB  00FA               	movwf	??_main+2
   351  06DC  3013               	movlw	19
   352  06DD  00F9               	movwf	??_main+1
   353  06DE  30AD               	movlw	173
   354  06DF  00F8               	movwf	??_main
   355  06E0                     u97:	
   356  06E0  0BF8               	decfsz	??_main,f
   357  06E1  2EE0               	goto	u97
   358  06E2  0BF9               	decfsz	??_main+1,f
   359  06E3  2EE0               	goto	u97
   360  06E4  0BFA               	decfsz	??_main+2,f
   361  06E5  2EE0               	goto	u97
   362  06E6  2EE7               	nop2
   363                           
   364                           ;AscendenteDescendente.c: 37: PORTB = 0x6D;
   365  06E7  306D               	movlw	109
   366  06E8  1283               	bcf	3,5	;RP0=0, select bank0
   367  06E9  1303               	bcf	3,6	;RP1=0, select bank0
   368  06EA  0086               	movwf	6	;volatile
   369                           
   370                           ;AscendenteDescendente.c: 38: _delay((unsigned long)((1000)*(4000000/4000.0)));
   371  06EB  3006               	movlw	6
   372  06EC  00FA               	movwf	??_main+2
   373  06ED  3013               	movlw	19
   374  06EE  00F9               	movwf	??_main+1
   375  06EF  30AD               	movlw	173
   376  06F0  00F8               	movwf	??_main
   377  06F1                     u107:	
   378  06F1  0BF8               	decfsz	??_main,f
   379  06F2  2EF1               	goto	u107
   380  06F3  0BF9               	decfsz	??_main+1,f
   381  06F4  2EF1               	goto	u107
   382  06F5  0BFA               	decfsz	??_main+2,f
   383  06F6  2EF1               	goto	u107
   384  06F7  2EF8               	nop2
   385                           
   386                           ;AscendenteDescendente.c: 39: PORTB = 0x7D;
   387  06F8  307D               	movlw	125
   388  06F9  1283               	bcf	3,5	;RP0=0, select bank0
   389  06FA  1303               	bcf	3,6	;RP1=0, select bank0
   390  06FB  0086               	movwf	6	;volatile
   391                           
   392                           ;AscendenteDescendente.c: 40: _delay((unsigned long)((1000)*(4000000/4000.0)));
   393  06FC  3006               	movlw	6
   394  06FD  00FA               	movwf	??_main+2
   395  06FE  3013               	movlw	19
   396  06FF  00F9               	movwf	??_main+1
   397  0700  30AD               	movlw	173
   398  0701  00F8               	movwf	??_main
   399  0702                     u117:	
   400  0702  0BF8               	decfsz	??_main,f
   401  0703  2F02               	goto	u117
   402  0704  0BF9               	decfsz	??_main+1,f
   403  0705  2F02               	goto	u117
   404  0706  0BFA               	decfsz	??_main+2,f
   405  0707  2F02               	goto	u117
   406  0708  2F09               	nop2
   407                           
   408                           ;AscendenteDescendente.c: 41: PORTB = 0x07;
   409  0709  3007               	movlw	7
   410  070A  1283               	bcf	3,5	;RP0=0, select bank0
   411  070B  1303               	bcf	3,6	;RP1=0, select bank0
   412  070C  0086               	movwf	6	;volatile
   413                           
   414                           ;AscendenteDescendente.c: 42: _delay((unsigned long)((1000)*(4000000/4000.0)));
   415  070D  3006               	movlw	6
   416  070E  00FA               	movwf	??_main+2
   417  070F  3013               	movlw	19
   418  0710  00F9               	movwf	??_main+1
   419  0711  30AD               	movlw	173
   420  0712  00F8               	movwf	??_main
   421  0713                     u127:	
   422  0713  0BF8               	decfsz	??_main,f
   423  0714  2F13               	goto	u127
   424  0715  0BF9               	decfsz	??_main+1,f
   425  0716  2F13               	goto	u127
   426  0717  0BFA               	decfsz	??_main+2,f
   427  0718  2F13               	goto	u127
   428  0719  2F1A               	nop2
   429                           
   430                           ;AscendenteDescendente.c: 43: PORTB = 0x7F;
   431  071A  307F               	movlw	127
   432  071B  1283               	bcf	3,5	;RP0=0, select bank0
   433  071C  1303               	bcf	3,6	;RP1=0, select bank0
   434  071D  0086               	movwf	6	;volatile
   435                           
   436                           ;AscendenteDescendente.c: 44: _delay((unsigned long)((1000)*(4000000/4000.0)));
   437  071E  3006               	movlw	6
   438  071F  00FA               	movwf	??_main+2
   439  0720  3013               	movlw	19
   440  0721  00F9               	movwf	??_main+1
   441  0722  30AD               	movlw	173
   442  0723  00F8               	movwf	??_main
   443  0724                     u137:	
   444  0724  0BF8               	decfsz	??_main,f
   445  0725  2F24               	goto	u137
   446  0726  0BF9               	decfsz	??_main+1,f
   447  0727  2F24               	goto	u137
   448  0728  0BFA               	decfsz	??_main+2,f
   449  0729  2F24               	goto	u137
   450  072A  2F2B               	nop2
   451                           
   452                           ;AscendenteDescendente.c: 45: PORTB = 0x6F;
   453  072B  306F               	movlw	111
   454  072C  1283               	bcf	3,5	;RP0=0, select bank0
   455  072D  1303               	bcf	3,6	;RP1=0, select bank0
   456  072E  0086               	movwf	6	;volatile
   457                           
   458                           ;AscendenteDescendente.c: 46: _delay((unsigned long)((1000)*(4000000/4000.0)));
   459  072F  3006               	movlw	6
   460  0730  00FA               	movwf	??_main+2
   461  0731  3013               	movlw	19
   462  0732  00F9               	movwf	??_main+1
   463  0733  30AD               	movlw	173
   464  0734  00F8               	movwf	??_main
   465  0735                     u147:	
   466  0735  0BF8               	decfsz	??_main,f
   467  0736  2F35               	goto	u147
   468  0737  0BF9               	decfsz	??_main+1,f
   469  0738  2F35               	goto	u147
   470  0739  0BFA               	decfsz	??_main+2,f
   471  073A  2F35               	goto	u147
   472  073B  2F3C               	nop2
   473  073C  2E8E               	goto	l508
   474  073D                     l26:	
   475                           
   476                           ;AscendenteDescendente.c: 47: }
   477                           ;AscendenteDescendente.c: 48: }
   478                           ;AscendenteDescendente.c: 50: if (PORTCbits.RC1 == 1){
   479  073D  1283               	bcf	3,5	;RP0=0, select bank0
   480  073E  1303               	bcf	3,6	;RP1=0, select bank0
   481  073F  1C87               	btfss	7,1	;volatile
   482  0740  2E86               	goto	l502
   483                           
   484                           ;AscendenteDescendente.c: 51: desciende =1;
   485  0741  3001               	movlw	1
   486  0742  00F4               	movwf	_desciende
   487  0743  3000               	movlw	0
   488  0744  00F5               	movwf	_desciende+1
   489  0745                     l514:	
   490                           ;AscendenteDescendente.c: 52: while (desciende == 1) {
   491                           
   492  0745  0374               	decf	_desciende,w
   493  0746  0475               	iorwf	_desciende+1,w
   494  0747  1D03               	btfss	3,2
   495  0748  2E86               	goto	l502
   496                           
   497                           ;AscendenteDescendente.c: 53: PORTB = 0x6F;
   498  0749  306F               	movlw	111
   499  074A  1283               	bcf	3,5	;RP0=0, select bank0
   500  074B  1303               	bcf	3,6	;RP1=0, select bank0
   501  074C  0086               	movwf	6	;volatile
   502                           
   503                           ;AscendenteDescendente.c: 54: _delay((unsigned long)((1000)*(4000000/4000.0)));
   504  074D  3006               	movlw	6
   505  074E  00FA               	movwf	??_main+2
   506  074F  3013               	movlw	19
   507  0750  00F9               	movwf	??_main+1
   508  0751  30AD               	movlw	173
   509  0752  00F8               	movwf	??_main
   510  0753                     u157:	
   511  0753  0BF8               	decfsz	??_main,f
   512  0754  2F53               	goto	u157
   513  0755  0BF9               	decfsz	??_main+1,f
   514  0756  2F53               	goto	u157
   515  0757  0BFA               	decfsz	??_main+2,f
   516  0758  2F53               	goto	u157
   517  0759  2F5A               	nop2
   518                           
   519                           ;AscendenteDescendente.c: 55: PORTB = 0x7F;
   520  075A  307F               	movlw	127
   521  075B  1283               	bcf	3,5	;RP0=0, select bank0
   522  075C  1303               	bcf	3,6	;RP1=0, select bank0
   523  075D  0086               	movwf	6	;volatile
   524                           
   525                           ;AscendenteDescendente.c: 56: _delay((unsigned long)((1000)*(4000000/4000.0)));
   526  075E  3006               	movlw	6
   527  075F  00FA               	movwf	??_main+2
   528  0760  3013               	movlw	19
   529  0761  00F9               	movwf	??_main+1
   530  0762  30AD               	movlw	173
   531  0763  00F8               	movwf	??_main
   532  0764                     u167:	
   533  0764  0BF8               	decfsz	??_main,f
   534  0765  2F64               	goto	u167
   535  0766  0BF9               	decfsz	??_main+1,f
   536  0767  2F64               	goto	u167
   537  0768  0BFA               	decfsz	??_main+2,f
   538  0769  2F64               	goto	u167
   539  076A  2F6B               	nop2
   540                           
   541                           ;AscendenteDescendente.c: 57: PORTB = 0x07;
   542  076B  3007               	movlw	7
   543  076C  1283               	bcf	3,5	;RP0=0, select bank0
   544  076D  1303               	bcf	3,6	;RP1=0, select bank0
   545  076E  0086               	movwf	6	;volatile
   546                           
   547                           ;AscendenteDescendente.c: 58: _delay((unsigned long)((1000)*(4000000/4000.0)));
   548  076F  3006               	movlw	6
   549  0770  00FA               	movwf	??_main+2
   550  0771  3013               	movlw	19
   551  0772  00F9               	movwf	??_main+1
   552  0773  30AD               	movlw	173
   553  0774  00F8               	movwf	??_main
   554  0775                     u177:	
   555  0775  0BF8               	decfsz	??_main,f
   556  0776  2F75               	goto	u177
   557  0777  0BF9               	decfsz	??_main+1,f
   558  0778  2F75               	goto	u177
   559  0779  0BFA               	decfsz	??_main+2,f
   560  077A  2F75               	goto	u177
   561  077B  2F7C               	nop2
   562                           
   563                           ;AscendenteDescendente.c: 59: PORTB = 0x7D;
   564  077C  307D               	movlw	125
   565  077D  1283               	bcf	3,5	;RP0=0, select bank0
   566  077E  1303               	bcf	3,6	;RP1=0, select bank0
   567  077F  0086               	movwf	6	;volatile
   568                           
   569                           ;AscendenteDescendente.c: 60: _delay((unsigned long)((1000)*(4000000/4000.0)));
   570  0780  3006               	movlw	6
   571  0781  00FA               	movwf	??_main+2
   572  0782  3013               	movlw	19
   573  0783  00F9               	movwf	??_main+1
   574  0784  30AD               	movlw	173
   575  0785  00F8               	movwf	??_main
   576  0786                     u187:	
   577  0786  0BF8               	decfsz	??_main,f
   578  0787  2F86               	goto	u187
   579  0788  0BF9               	decfsz	??_main+1,f
   580  0789  2F86               	goto	u187
   581  078A  0BFA               	decfsz	??_main+2,f
   582  078B  2F86               	goto	u187
   583  078C  2F8D               	nop2
   584                           
   585                           ;AscendenteDescendente.c: 61: PORTB = 0x6D;
   586  078D  306D               	movlw	109
   587  078E  1283               	bcf	3,5	;RP0=0, select bank0
   588  078F  1303               	bcf	3,6	;RP1=0, select bank0
   589  0790  0086               	movwf	6	;volatile
   590                           
   591                           ;AscendenteDescendente.c: 62: _delay((unsigned long)((1000)*(4000000/4000.0)));
   592  0791  3006               	movlw	6
   593  0792  00FA               	movwf	??_main+2
   594  0793  3013               	movlw	19
   595  0794  00F9               	movwf	??_main+1
   596  0795  30AD               	movlw	173
   597  0796  00F8               	movwf	??_main
   598  0797                     u197:	
   599  0797  0BF8               	decfsz	??_main,f
   600  0798  2F97               	goto	u197
   601  0799  0BF9               	decfsz	??_main+1,f
   602  079A  2F97               	goto	u197
   603  079B  0BFA               	decfsz	??_main+2,f
   604  079C  2F97               	goto	u197
   605  079D  2F9E               	nop2
   606                           
   607                           ;AscendenteDescendente.c: 63: PORTB = 0x66;
   608  079E  3066               	movlw	102
   609  079F  1283               	bcf	3,5	;RP0=0, select bank0
   610  07A0  1303               	bcf	3,6	;RP1=0, select bank0
   611  07A1  0086               	movwf	6	;volatile
   612                           
   613                           ;AscendenteDescendente.c: 64: _delay((unsigned long)((1000)*(4000000/4000.0)));
   614  07A2  3006               	movlw	6
   615  07A3  00FA               	movwf	??_main+2
   616  07A4  3013               	movlw	19
   617  07A5  00F9               	movwf	??_main+1
   618  07A6  30AD               	movlw	173
   619  07A7  00F8               	movwf	??_main
   620  07A8                     u207:	
   621  07A8  0BF8               	decfsz	??_main,f
   622  07A9  2FA8               	goto	u207
   623  07AA  0BF9               	decfsz	??_main+1,f
   624  07AB  2FA8               	goto	u207
   625  07AC  0BFA               	decfsz	??_main+2,f
   626  07AD  2FA8               	goto	u207
   627  07AE  2FAF               	nop2
   628                           
   629                           ;AscendenteDescendente.c: 65: PORTB = 0x4F;
   630  07AF  304F               	movlw	79
   631  07B0  1283               	bcf	3,5	;RP0=0, select bank0
   632  07B1  1303               	bcf	3,6	;RP1=0, select bank0
   633  07B2  0086               	movwf	6	;volatile
   634                           
   635                           ;AscendenteDescendente.c: 66: _delay((unsigned long)((1000)*(4000000/4000.0)));
   636  07B3  3006               	movlw	6
   637  07B4  00FA               	movwf	??_main+2
   638  07B5  3013               	movlw	19
   639  07B6  00F9               	movwf	??_main+1
   640  07B7  30AD               	movlw	173
   641  07B8  00F8               	movwf	??_main
   642  07B9                     u217:	
   643  07B9  0BF8               	decfsz	??_main,f
   644  07BA  2FB9               	goto	u217
   645  07BB  0BF9               	decfsz	??_main+1,f
   646  07BC  2FB9               	goto	u217
   647  07BD  0BFA               	decfsz	??_main+2,f
   648  07BE  2FB9               	goto	u217
   649  07BF  2FC0               	nop2
   650                           
   651                           ;AscendenteDescendente.c: 67: PORTB = 0x5B;
   652  07C0  305B               	movlw	91
   653  07C1  1283               	bcf	3,5	;RP0=0, select bank0
   654  07C2  1303               	bcf	3,6	;RP1=0, select bank0
   655  07C3  0086               	movwf	6	;volatile
   656                           
   657                           ;AscendenteDescendente.c: 68: _delay((unsigned long)((1000)*(4000000/4000.0)));
   658  07C4  3006               	movlw	6
   659  07C5  00FA               	movwf	??_main+2
   660  07C6  3013               	movlw	19
   661  07C7  00F9               	movwf	??_main+1
   662  07C8  30AD               	movlw	173
   663  07C9  00F8               	movwf	??_main
   664  07CA                     u227:	
   665  07CA  0BF8               	decfsz	??_main,f
   666  07CB  2FCA               	goto	u227
   667  07CC  0BF9               	decfsz	??_main+1,f
   668  07CD  2FCA               	goto	u227
   669  07CE  0BFA               	decfsz	??_main+2,f
   670  07CF  2FCA               	goto	u227
   671  07D0  2FD1               	nop2
   672                           
   673                           ;AscendenteDescendente.c: 69: PORTB = 0x06;
   674  07D1  3006               	movlw	6
   675  07D2  1283               	bcf	3,5	;RP0=0, select bank0
   676  07D3  1303               	bcf	3,6	;RP1=0, select bank0
   677  07D4  0086               	movwf	6	;volatile
   678                           
   679                           ;AscendenteDescendente.c: 70: _delay((unsigned long)((1000)*(4000000/4000.0)));
   680  07D5  3006               	movlw	6
   681  07D6  00FA               	movwf	??_main+2
   682  07D7  3013               	movlw	19
   683  07D8  00F9               	movwf	??_main+1
   684  07D9  30AD               	movlw	173
   685  07DA  00F8               	movwf	??_main
   686  07DB                     u237:	
   687  07DB  0BF8               	decfsz	??_main,f
   688  07DC  2FDB               	goto	u237
   689  07DD  0BF9               	decfsz	??_main+1,f
   690  07DE  2FDB               	goto	u237
   691  07DF  0BFA               	decfsz	??_main+2,f
   692  07E0  2FDB               	goto	u237
   693  07E1  2FE2               	nop2
   694                           
   695                           ;AscendenteDescendente.c: 71: PORTB = 0x3F;
   696  07E2  303F               	movlw	63
   697  07E3  1283               	bcf	3,5	;RP0=0, select bank0
   698  07E4  1303               	bcf	3,6	;RP1=0, select bank0
   699  07E5  0086               	movwf	6	;volatile
   700                           
   701                           ;AscendenteDescendente.c: 72: _delay((unsigned long)((1000)*(4000000/4000.0)));
   702  07E6  3006               	movlw	6
   703  07E7  00FA               	movwf	??_main+2
   704  07E8  3013               	movlw	19
   705  07E9  00F9               	movwf	??_main+1
   706  07EA  30AD               	movlw	173
   707  07EB  00F8               	movwf	??_main
   708  07EC                     u247:	
   709  07EC  0BF8               	decfsz	??_main,f
   710  07ED  2FEC               	goto	u247
   711  07EE  0BF9               	decfsz	??_main+1,f
   712  07EF  2FEC               	goto	u247
   713  07F0  0BFA               	decfsz	??_main+2,f
   714  07F1  2FEC               	goto	u247
   715  07F2  2FF3               	nop2
   716  07F3  2F45               	goto	l514
   717  07F4                     __end_of_main:	
   718  007E                     btemp	set	126	;btemp
   719  007E                     wtemp0	set	126


Data Sizes:
    Strings     0
    Constant    0
    Data        0
    BSS         8
    Persistent  0
    Stack       0

Auto Spaces:
    Space          Size  Autos    Used
    COMMON           14      3      11
    BANK0            80      0       0
    BANK1            80      0       0
    BANK3            96      0       0
    BANK2            96      0       0

Pointer List with Targets:

    None.

Critical Paths under _main in COMMON

    None.

Critical Paths under _main in BANK0

    None.

Critical Paths under _main in BANK1

    None.

Critical Paths under _main in BANK3

    None.

Critical Paths under _main in BANK2

    None.

Call Graph Tables:

 ---------------------------------------------------------------------------------
 (Depth) Function   	        Calls       Base Space   Used Autos Params    Refs
 ---------------------------------------------------------------------------------
 (0) _main                                                 3     3      0       0
                                              0 COMMON     3     3      0
 ---------------------------------------------------------------------------------
 Estimated maximum stack depth 0
 ---------------------------------------------------------------------------------

 Call Graph Graphs:

 _main (ROOT)

 Address spaces:
Name               Size   Autos  Total    Cost      Usage
BITCOMMON            E      0       0       0        0.0%
EEDATA             100      0       0       0        0.0%
NULL                 0      0       0       0        0.0%
CODE                 0      0       0       0        0.0%
COMMON               E      3       B       1       78.6%
BITSFR0              0      0       0       1        0.0%
SFR0                 0      0       0       1        0.0%
BITSFR1              0      0       0       2        0.0%
SFR1                 0      0       0       2        0.0%
STACK                0      0       0       2        0.0%
ABS                  0      0       B       3        0.0%
BITBANK0            50      0       0       4        0.0%
BITSFR3              0      0       0       4        0.0%
SFR3                 0      0       0       4        0.0%
BANK0               50      0       0       5        0.0%
BITSFR2              0      0       0       5        0.0%
SFR2                 0      0       0       5        0.0%
BITBANK1            50      0       0       6        0.0%
BANK1               50      0       0       7        0.0%
BITBANK3            60      0       0       8        0.0%
BANK3               60      0       0       9        0.0%
BITBANK2            60      0       0      10        0.0%
BANK2               60      0       0      11        0.0%
DATA                 0      0       B      12        0.0%


Microchip Technology PIC Macro Assembler V1.43 build -156212558 
Symbol Table                                                                                   Wed Aug 30 22:36:50 2017

             __CFG_CP$OFF 0000                        l26 073D                        u57 069C  
                      u67 06AD                        u77 06BE                        u87 06CF  
                      u97 06E0                       l502 0686                       l514 0745  
                     l508 068E                       u107 06F1                       u117 0702  
                     u207 07A8                       u127 0713                       u217 07B9  
                     u137 0724                       u227 07CA                       u147 0735  
                     u237 07DB                       u157 0753                       u247 07EC  
                     u167 0764                       u177 0775              __CFG_CPD$OFF 0000  
                     u187 0786                       u197 0797              __CFG_LVP$OFF 0000  
            __CFG_WDTE$ON 0000              __CFG_WRT$OFF 0000                      _main 0679  
                    btemp 007E                      start 0000             __CFG_IESO$OFF 0000  
           __CFG_MCLRE$ON 0000                     ?_main 0078                     _PORTB 0006  
                   _PORTC 0007                     _TRISB 0086                     _TRISC 0087  
          __CFG_FCMEN$OFF 0000            __CFG_BOREN$OFF 0000                     status 0003  
                   wtemp0 007E           __initialization 07F4              __end_of_main 07F4  
                  ??_main 0078            __CFG_PWRTE$OFF 0000  _estadoAnteriorIncremento 0072  
 __end_of__initialization 07FC            __pcstackCOMMON 0078                __pmaintext 0679  
    end_of_initialization 07FC                 _PORTCbits 0007  _estadoAnteroriDecremento 0070  
     start_initialization 07F4  __CFG_FOSC$INTRC_NOCLKOUT 0000               __pbssCOMMON 0070  
               ___latbits 0002                 _desciende 0074                  _asciende 0076  
       __CFG_BOR4V$BOR40V 0000             __size_of_main 017B  
